[ 2020-04-28T14:58:36+08:00 ] 61.140.244.117 /index.php?s=/w16/feedback/feedback/addfeedback&classid=2020003&classname=2020%E5%B9%B4%E7%AC%AC2%E6%9C%9F%E5%8D%B1%E5%8C%96%E5%93%81%E7%BB%8F%E8%90%A5%E5%8D%95%E4%BD%8D%E4%B8%BB%E8%A6%81%E8%B4%9F%E8%B4%A3%E4%BA%BA%E5%88%9D%E6%AC%A1%E5%9F%B9%E8%AE%AD%E7%8F%AD&regname=undefined&openid=oSlbk5CUQbDlTy3CIUHp5nvlCjv8&att=%E9%9D%9E%E5%B8%B8%E6%BB%A1%E6%84%8F&meth=%E6%BB%A1%E6%84%8F&effe=%E6%BB%A1%E6%84%8F&arra=%E9%9D%9E%E5%B8%B8%E6%BB%A1%E6%84%8F&dev=%E9%9D%9E%E5%B8%B8%E6%BB%A1%E6%84%8F&env=%E9%9D%9E%E5%B8%B8%E6%BB%A1%E6%84%8F&serv=%E6%BB%A1%E6%84%8F&advise=fgfgfdgdg
SQL: SELECT * FROM `we_card_custom` WHERE `token` = 'gh_bdcc514a5666'  [ RunTime:0.0000s ]
SQL: SELECT * FROM `we_apps_link` WHERE `uid` = 0  [ RunTime:0.0000s ]
SQL: SHOW COLUMNS FROM `we_auth_group_access` [ RunTime:0.0000s ]
SQL: SELECT a.uid,a.group_id,g.title,g.rules FROM we_auth_group_access a INNER JOIN we_auth_group g on a.group_id=g.id  WHERE ( a.uid='' and g.status='1' )  [ RunTime:0.0000s ]
SQL: SELECT * FROM `we_menu` WHERE `place` = 0 AND `is_hide` = 0 ORDER BY sort asc, id asc  [ RunTime:0.0000s ]
SQL: SHOW COLUMNS FROM `we_feedback` [ RunTime:0.1094s ]
SQL: SELECT COUNT(*) AS tp_count FROM `we_feedback` WHERE `classid` = '2020003' AND `classname` = '2020年第2期危化品经营单位主要负责人初次培训班' AND `openid` = 'oSlbk5CUQbDlTy3CIUHp5nvlCjv8' LIMIT 1   [ RunTime:0.0156s ]

[ 2020-04-28T14:59:23+08:00 ] 61.140.244.117 /index.php?s=/w16/feedback/feedback/addfeedback&classid=2020003&classname=2020%E5%B9%B4%E7%AC%AC2%E6%9C%9F%E5%8D%B1%E5%8C%96%E5%93%81%E7%BB%8F%E8%90%A5%E5%8D%95%E4%BD%8D%E4%B8%BB%E8%A6%81%E8%B4%9F%E8%B4%A3%E4%BA%BA%E5%88%9D%E6%AC%A1%E5%9F%B9%E8%AE%AD%E7%8F%AD&regname=undefined&openid=oSlbk5CUQbDlTy3CIUHp5nvlCjv8&att=%E9%9D%9E%E5%B8%B8%E6%BB%A1%E6%84%8F&meth=%E6%BB%A1%E6%84%8F&effe=%E6%BB%A1%E6%84%8F&arra=%E9%9D%9E%E5%B8%B8%E6%BB%A1%E6%84%8F&dev=%E9%9D%9E%E5%B8%B8%E6%BB%A1%E6%84%8F&env=%E9%9D%9E%E5%B8%B8%E6%BB%A1%E6%84%8F&serv=%E6%BB%A1%E6%84%8F&advise=fgfgfdgdg
SQL: SELECT * FROM `we_card_custom` WHERE `token` = 'gh_bdcc514a5666'  [ RunTime:0.0000s ]
SQL: SELECT * FROM `we_apps_link` WHERE `uid` = 0  [ RunTime:0.0000s ]
SQL: SHOW COLUMNS FROM `we_auth_group_access` [ RunTime:0.0156s ]
SQL: SELECT a.uid,a.group_id,g.title,g.rules FROM we_auth_group_access a INNER JOIN we_auth_group g on a.group_id=g.id  WHERE ( a.uid='' and g.status='1' )  [ RunTime:0.0000s ]
SQL: SELECT * FROM `we_menu` WHERE `place` = 0 AND `is_hide` = 0 ORDER BY sort asc, id asc  [ RunTime:0.0000s ]
SQL: SELECT COUNT(*) AS tp_count FROM `we_feedback` WHERE `classid` = '2020003' AND `classname` = '2020年第2期危化品经营单位主要负责人初次培训班' AND `openid` = 'oSlbk5CUQbDlTy3CIUHp5nvlCjv8' LIMIT 1   [ RunTime:0.0000s ]

[ 2020-04-28T15:00:01+08:00 ] 61.140.244.117 /index.php?s=/w16/feedback/feedback/addfeedback&classid=2020003&classname=2020%E5%B9%B4%E7%AC%AC2%E6%9C%9F%E5%8D%B1%E5%8C%96%E5%93%81%E7%BB%8F%E8%90%A5%E5%8D%95%E4%BD%8D%E4%B8%BB%E8%A6%81%E8%B4%9F%E8%B4%A3%E4%BA%BA%E5%88%9D%E6%AC%A1%E5%9F%B9%E8%AE%AD%E7%8F%AD&regname=undefined&openid=oSlbk5CUQbDlTy3CIUHp5nvlCjv8&att=%E9%9D%9E%E5%B8%B8%E6%BB%A1%E6%84%8F&meth=%E6%BB%A1%E6%84%8F&effe=%E6%BB%A1%E6%84%8F&arra=%E9%9D%9E%E5%B8%B8%E6%BB%A1%E6%84%8F&dev=%E9%9D%9E%E5%B8%B8%E6%BB%A1%E6%84%8F&env=%E9%9D%9E%E5%B8%B8%E6%BB%A1%E6%84%8F&serv=%E6%BB%A1%E6%84%8F&advise=fgfgfdgdg
SQL: SELECT * FROM `we_card_custom` WHERE `token` = 'gh_bdcc514a5666'  [ RunTime:0.0000s ]
SQL: SELECT * FROM `we_apps_link` WHERE `uid` = 0  [ RunTime:0.0000s ]
SQL: SHOW COLUMNS FROM `we_auth_group_access` [ RunTime:0.0156s ]
SQL: SELECT a.uid,a.group_id,g.title,g.rules FROM we_auth_group_access a INNER JOIN we_auth_group g on a.group_id=g.id  WHERE ( a.uid='' and g.status='1' )  [ RunTime:0.0000s ]
SQL: SELECT * FROM `we_menu` WHERE `place` = 0 AND `is_hide` = 0 ORDER BY sort asc, id asc  [ RunTime:0.0000s ]
SQL: SELECT COUNT(*) AS tp_count FROM `we_feedback` WHERE `classid` = '2020003' AND `classname` = '2020年第2期危化品经营单位主要负责人初次培训班' AND `openid` = 'oSlbk5CUQbDlTy3CIUHp5nvlCjv8' LIMIT 1   [ RunTime:0.0000s ]
SQL: INSERT INTO `we_feedback` (`classid`,`classname`,`openid`,`att`,`meth`,`effe`,`arra`,`dev`,`env`,`serv`,`advise`,`ctime`) VALUES ('2020003','2020年第2期危化品经营单位主要负责人初次培训班','oSlbk5CUQbDlTy3CIUHp5nvlCjv8','非常满意','满意','满意','非常满意','非常满意','非常满意','满意','fgfgfdgdg','1588057201') [ RunTime:0.0000s ]
SQL: SHOW COLUMNS FROM `we_studyreg` [ RunTime:0.0156s ]

[ 2020-04-28T15:02:18+08:00 ] 61.140.244.117 /index.php?s=/w16/feedback/feedback/addfeedback&classid=2020003&classname=2020%E5%B9%B4%E7%AC%AC2%E6%9C%9F%E5%8D%B1%E5%8C%96%E5%93%81%E7%BB%8F%E8%90%A5%E5%8D%95%E4%BD%8D%E4%B8%BB%E8%A6%81%E8%B4%9F%E8%B4%A3%E4%BA%BA%E5%88%9D%E6%AC%A1%E5%9F%B9%E8%AE%AD%E7%8F%AD&regname=undefined&openid=oSlbk5CUQbDlTy3CIUHp5nvlCjv8&att=%E9%9D%9E%E5%B8%B8%E6%BB%A1%E6%84%8F&meth=%E6%BB%A1%E6%84%8F&effe=%E6%BB%A1%E6%84%8F&arra=%E9%9D%9E%E5%B8%B8%E6%BB%A1%E6%84%8F&dev=%E9%9D%9E%E5%B8%B8%E6%BB%A1%E6%84%8F&env=%E9%9D%9E%E5%B8%B8%E6%BB%A1%E6%84%8F&serv=%E6%BB%A1%E6%84%8F&advise=fgfgfdgdg
SQL: SELECT * FROM `we_card_custom` WHERE `token` = 'gh_bdcc514a5666'  [ RunTime:0.0000s ]
SQL: SELECT * FROM `we_apps_link` WHERE `uid` = 0  [ RunTime:0.0000s ]
SQL: SHOW COLUMNS FROM `we_auth_group_access` [ RunTime:0.0000s ]
SQL: SELECT a.uid,a.group_id,g.title,g.rules FROM we_auth_group_access a INNER JOIN we_auth_group g on a.group_id=g.id  WHERE ( a.uid='' and g.status='1' )  [ RunTime:0.0000s ]
SQL: SELECT * FROM `we_menu` WHERE `place` = 0 AND `is_hide` = 0 ORDER BY sort asc, id asc  [ RunTime:0.0000s ]
SQL: SELECT COUNT(*) AS tp_count FROM `we_feedback` WHERE `classid` = '2020003' AND `classname` = '2020年第2期危化品经营单位主要负责人初次培训班' AND `openid` = 'oSlbk5CUQbDlTy3CIUHp5nvlCjv8' LIMIT 1   [ RunTime:0.0000s ]

[ 2020-04-28T15:07:12+08:00 ] 61.140.244.117 /index.php?s=/w16/feedback/feedback/addfeedback&classid=2020003&classname=2020%E5%B9%B4%E7%AC%AC2%E6%9C%9F%E5%8D%B1%E5%8C%96%E5%93%81%E7%BB%8F%E8%90%A5%E5%8D%95%E4%BD%8D%E4%B8%BB%E8%A6%81%E8%B4%9F%E8%B4%A3%E4%BA%BA%E5%88%9D%E6%AC%A1%E5%9F%B9%E8%AE%AD%E7%8F%AD&regname=undefined&openid=oSlbk5CUQbDlTy3CIUHp5nvlCjv8&att=%E6%BB%A1%E6%84%8F&meth=%E6%BB%A1%E6%84%8F&effe=%E6%BB%A1%E6%84%8F&arra=%E6%BB%A1%E6%84%8F&dev=%E9%9D%9E%E5%B8%B8%E6%BB%A1%E6%84%8F&env=%E6%BB%A1%E6%84%8F&serv=%E6%BB%A1%E6%84%8F&advise=ewr
SQL: SELECT * FROM `we_card_custom` WHERE `token` = 'gh_bdcc514a5666'  [ RunTime:0.0000s ]
SQL: SELECT * FROM `we_apps_link` WHERE `uid` = 0  [ RunTime:0.0000s ]
SQL: SHOW COLUMNS FROM `we_auth_group_access` [ RunTime:0.0156s ]
SQL: SELECT a.uid,a.group_id,g.title,g.rules FROM we_auth_group_access a INNER JOIN we_auth_group g on a.group_id=g.id  WHERE ( a.uid='' and g.status='1' )  [ RunTime:0.0000s ]
SQL: SELECT * FROM `we_menu` WHERE `place` = 0 AND `is_hide` = 0 ORDER BY sort asc, id asc  [ RunTime:0.0000s ]
SQL: SELECT COUNT(*) AS tp_count FROM `we_feedback` WHERE `classid` = '2020003' AND `classname` = '2020年第2期危化品经营单位主要负责人初次培训班' AND `openid` = 'oSlbk5CUQbDlTy3CIUHp5nvlCjv8' LIMIT 1   [ RunTime:0.0000s ]

[ 2020-04-28T15:07:57+08:00 ] 61.140.244.117 /index.php?s=/w16/feedback/feedback/addfeedback&classid=2020003&classname=2020%E5%B9%B4%E7%AC%AC2%E6%9C%9F%E5%8D%B1%E5%8C%96%E5%93%81%E7%BB%8F%E8%90%A5%E5%8D%95%E4%BD%8D%E4%B8%BB%E8%A6%81%E8%B4%9F%E8%B4%A3%E4%BA%BA%E5%88%9D%E6%AC%A1%E5%9F%B9%E8%AE%AD%E7%8F%AD&regname=undefined&openid=oSlbk5CUQbDlTy3CIUHp5nvlCjv8&att=%E9%9D%9E%E5%B8%B8%E6%BB%A1%E6%84%8F&meth=%E9%9D%9E%E5%B8%B8%E6%BB%A1%E6%84%8F&effe=%E9%9D%9E%E5%B8%B8%E6%BB%A1%E6%84%8F&arra=&dev=%E6%BB%A1%E6%84%8F&env=%E6%BB%A1%E6%84%8F&serv=&advise=sss
SQL: SELECT * FROM `we_card_custom` WHERE `token` = 'gh_bdcc514a5666'  [ RunTime:0.0000s ]
SQL: SELECT * FROM `we_apps_link` WHERE `uid` = 0  [ RunTime:0.0000s ]
SQL: SHOW COLUMNS FROM `we_auth_group_access` [ RunTime:0.0000s ]
SQL: SELECT a.uid,a.group_id,g.title,g.rules FROM we_auth_group_access a INNER JOIN we_auth_group g on a.group_id=g.id  WHERE ( a.uid='' and g.status='1' )  [ RunTime:0.0000s ]
SQL: SELECT * FROM `we_menu` WHERE `place` = 0 AND `is_hide` = 0 ORDER BY sort asc, id asc  [ RunTime:0.0000s ]
SQL: SELECT COUNT(*) AS tp_count FROM `we_feedback` WHERE `classid` = '2020003' AND `classname` = '2020年第2期危化品经营单位主要负责人初次培训班' AND `openid` = 'oSlbk5CUQbDlTy3CIUHp5nvlCjv8' LIMIT 1   [ RunTime:0.0000s ]

[ 2020-04-28T15:09:22+08:00 ] 61.140.244.117 /index.php?s=/w16/feedback/feedback/addfeedback&classid=2020003&classname=2020%E5%B9%B4%E7%AC%AC2%E6%9C%9F%E5%8D%B1%E5%8C%96%E5%93%81%E7%BB%8F%E8%90%A5%E5%8D%95%E4%BD%8D%E4%B8%BB%E8%A6%81%E8%B4%9F%E8%B4%A3%E4%BA%BA%E5%88%9D%E6%AC%A1%E5%9F%B9%E8%AE%AD%E7%8F%AD&regname=undefined&openid=oSlbk5CUQbDlTy3CIUHp5nvlCjv8&att=%E9%9D%9E%E5%B8%B8%E6%BB%A1%E6%84%8F&meth=%E9%9D%9E%E5%B8%B8%E6%BB%A1%E6%84%8F&effe=%E6%BB%A1%E6%84%8F&arra=%E6%BB%A1%E6%84%8F&dev=%E6%BB%A1%E6%84%8F&env=%E6%BB%A1%E6%84%8F&serv=%E6%BB%A1%E6%84%8F&advise=eeeee
SQL: SELECT * FROM `we_card_custom` WHERE `token` = 'gh_bdcc514a5666'  [ RunTime:0.0000s ]
SQL: SELECT * FROM `we_apps_link` WHERE `uid` = 0  [ RunTime:0.0000s ]
SQL: SHOW COLUMNS FROM `we_auth_group_access` [ RunTime:0.0000s ]
SQL: SELECT a.uid,a.group_id,g.title,g.rules FROM we_auth_group_access a INNER JOIN we_auth_group g on a.group_id=g.id  WHERE ( a.uid='' and g.status='1' )  [ RunTime:0.0000s ]
SQL: SELECT * FROM `we_menu` WHERE `place` = 0 AND `is_hide` = 0 ORDER BY sort asc, id asc  [ RunTime:0.0000s ]
SQL: SELECT COUNT(*) AS tp_count FROM `we_feedback` WHERE `classid` = '2020003' AND `classname` = '2020年第2期危化品经营单位主要负责人初次培训班' AND `openid` = 'oSlbk5CUQbDlTy3CIUHp5nvlCjv8' LIMIT 1   [ RunTime:0.0000s ]

[ 2020-04-28T15:13:42+08:00 ] 61.140.244.117 /index.php?s=/w16/feedback/feedback/addfeedback&classid=2020003&classname=2020%E5%B9%B4%E7%AC%AC2%E6%9C%9F%E5%8D%B1%E5%8C%96%E5%93%81%E7%BB%8F%E8%90%A5%E5%8D%95%E4%BD%8D%E4%B8%BB%E8%A6%81%E8%B4%9F%E8%B4%A3%E4%BA%BA%E5%88%9D%E6%AC%A1%E5%9F%B9%E8%AE%AD%E7%8F%AD&regname=undefined&openid=oSlbk5CUQbDlTy3CIUHp5nvlCjv8&att=%E9%9D%9E%E5%B8%B8%E6%BB%A1%E6%84%8F&meth=%E9%9D%9E%E5%B8%B8%E6%BB%A1%E6%84%8F&effe=%E9%9D%9E%E5%B8%B8%E6%BB%A1%E6%84%8F&arra=%E9%9D%9E%E5%B8%B8%E6%BB%A1%E6%84%8F&dev=%E9%9D%9E%E5%B8%B8%E6%BB%A1%E6%84%8F&env=%E9%9D%9E%E5%B8%B8%E6%BB%A1%E6%84%8F&serv=&advise=yy
SQL: SELECT * FROM `we_card_custom` WHERE `token` = 'gh_bdcc514a5666'  [ RunTime:0.0000s ]
SQL: SELECT * FROM `we_apps_link` WHERE `uid` = 0  [ RunTime:0.0000s ]
SQL: SHOW COLUMNS FROM `we_auth_group_access` [ RunTime:0.0156s ]
SQL: SELECT a.uid,a.group_id,g.title,g.rules FROM we_auth_group_access a INNER JOIN we_auth_group g on a.group_id=g.id  WHERE ( a.uid='' and g.status='1' )  [ RunTime:0.0000s ]
SQL: SELECT * FROM `we_menu` WHERE `place` = 0 AND `is_hide` = 0 ORDER BY sort asc, id asc  [ RunTime:0.0156s ]
SQL: SELECT COUNT(*) AS tp_count FROM `we_feedback` WHERE `classid` = '2020003' AND `classname` = '2020年第2期危化品经营单位主要负责人初次培训班' AND `openid` = 'oSlbk5CUQbDlTy3CIUHp5nvlCjv8' LIMIT 1   [ RunTime:0.0000s ]

[ 2020-04-28T15:15:30+08:00 ] 61.140.244.117 /index.php?s=/w16/feedback/feedback/addfeedback&classid=2020003&classname=2020%E5%B9%B4%E7%AC%AC2%E6%9C%9F%E5%8D%B1%E5%8C%96%E5%93%81%E7%BB%8F%E8%90%A5%E5%8D%95%E4%BD%8D%E4%B8%BB%E8%A6%81%E8%B4%9F%E8%B4%A3%E4%BA%BA%E5%88%9D%E6%AC%A1%E5%9F%B9%E8%AE%AD%E7%8F%AD&regname=undefined&openid=oSlbk5CUQbDlTy3CIUHp5nvlCjv8&att=%E9%9D%9E%E5%B8%B8%E6%BB%A1%E6%84%8F&meth=&effe=%E9%9D%9E%E5%B8%B8%E6%BB%A1%E6%84%8F&arra=&dev=&env=&serv=&advise=dd
SQL: SELECT * FROM `we_card_custom` WHERE `token` = 'gh_bdcc514a5666'  [ RunTime:0.0000s ]
SQL: SELECT * FROM `we_apps_link` WHERE `uid` = 0  [ RunTime:0.0000s ]
SQL: SHOW COLUMNS FROM `we_auth_group_access` [ RunTime:0.0156s ]
SQL: SELECT a.uid,a.group_id,g.title,g.rules FROM we_auth_group_access a INNER JOIN we_auth_group g on a.group_id=g.id  WHERE ( a.uid='' and g.status='1' )  [ RunTime:0.0000s ]
SQL: SELECT * FROM `we_menu` WHERE `place` = 0 AND `is_hide` = 0 ORDER BY sort asc, id asc  [ RunTime:0.0000s ]
SQL: SELECT COUNT(*) AS tp_count FROM `we_feedback` WHERE `classid` = '2020003' AND `classname` = '2020年第2期危化品经营单位主要负责人初次培训班' AND `openid` = 'oSlbk5CUQbDlTy3CIUHp5nvlCjv8' LIMIT 1   [ RunTime:0.0000s ]

[ 2020-04-28T15:21:59+08:00 ] 61.140.244.117 /index.php?s=/w16/feedback/feedback/addfeedback&classid=2020003&classname=2020%E5%B9%B4%E7%AC%AC2%E6%9C%9F%E5%8D%B1%E5%8C%96%E5%93%81%E7%BB%8F%E8%90%A5%E5%8D%95%E4%BD%8D%E4%B8%BB%E8%A6%81%E8%B4%9F%E8%B4%A3%E4%BA%BA%E5%88%9D%E6%AC%A1%E5%9F%B9%E8%AE%AD%E7%8F%AD&regname=undefined&openid=oSlbk5CUQbDlTy3CIUHp5nvlCjv8&att=%E9%9D%9E%E5%B8%B8%E6%BB%A1%E6%84%8F&meth=%E9%9D%9E%E5%B8%B8%E6%BB%A1%E6%84%8F&effe=%E6%BB%A1%E6%84%8F&arra=&dev=%E6%BB%A1%E6%84%8F&env=%E6%BB%A1%E6%84%8F&serv=&advise=sfdfsd
SQL: SELECT * FROM `we_card_custom` WHERE `token` = 'gh_bdcc514a5666'  [ RunTime:0.0000s ]
SQL: SELECT * FROM `we_apps_link` WHERE `uid` = 0  [ RunTime:0.0000s ]
SQL: SHOW COLUMNS FROM `we_auth_group_access` [ RunTime:0.0000s ]
SQL: SELECT a.uid,a.group_id,g.title,g.rules FROM we_auth_group_access a INNER JOIN we_auth_group g on a.group_id=g.id  WHERE ( a.uid='' and g.status='1' )  [ RunTime:0.0000s ]
SQL: SELECT * FROM `we_menu` WHERE `place` = 0 AND `is_hide` = 0 ORDER BY sort asc, id asc  [ RunTime:0.0000s ]
SQL: SELECT COUNT(*) AS tp_count FROM `we_feedback` WHERE `classid` = '2020003' AND `classname` = '2020年第2期危化品经营单位主要负责人初次培训班' AND `openid` = 'oSlbk5CUQbDlTy3CIUHp5nvlCjv8' LIMIT 1   [ RunTime:0.0000s ]
SQL: INSERT INTO `we_feedback` (`classid`,`classname`,`openid`,`att`,`meth`,`effe`,`arra`,`dev`,`env`,`serv`,`advise`,`ctime`) VALUES ('2020003','2020年第2期危化品经营单位主要负责人初次培训班','oSlbk5CUQbDlTy3CIUHp5nvlCjv8','非常满意','非常满意','满意','','满意','满意','','sfdfsd','1588058519') [ RunTime:0.0000s ]

[ 2020-04-28T15:24:36+08:00 ] 61.140.244.117 /index.php?s=/w16/feedback/feedback/addfeedback&classid=2020003&classname=2020%E5%B9%B4%E7%AC%AC2%E6%9C%9F%E5%8D%B1%E5%8C%96%E5%93%81%E7%BB%8F%E8%90%A5%E5%8D%95%E4%BD%8D%E4%B8%BB%E8%A6%81%E8%B4%9F%E8%B4%A3%E4%BA%BA%E5%88%9D%E6%AC%A1%E5%9F%B9%E8%AE%AD%E7%8F%AD&regname=undefined&openid=oSlbk5CUQbDlTy3CIUHp5nvlCjv8&att=%E9%9D%9E%E5%B8%B8%E6%BB%A1%E6%84%8F&meth=%E6%BB%A1%E6%84%8F&effe=%E6%BB%A1%E6%84%8F&arra=%E9%9D%9E%E5%B8%B8%E6%BB%A1%E6%84%8F&dev=%E9%9D%9E%E5%B8%B8%E6%BB%A1%E6%84%8F&env=%E6%BB%A1%E6%84%8F&serv=%E6%BB%A1%E6%84%8F&advise=ert
SQL: SELECT * FROM `we_card_custom` WHERE `token` = 'gh_bdcc514a5666'  [ RunTime:0.0000s ]
SQL: SELECT * FROM `we_apps_link` WHERE `uid` = 0  [ RunTime:0.0000s ]
SQL: SHOW COLUMNS FROM `we_auth_group_access` [ RunTime:0.0156s ]
SQL: SELECT a.uid,a.group_id,g.title,g.rules FROM we_auth_group_access a INNER JOIN we_auth_group g on a.group_id=g.id  WHERE ( a.uid='' and g.status='1' )  [ RunTime:0.0000s ]
SQL: SELECT * FROM `we_menu` WHERE `place` = 0 AND `is_hide` = 0 ORDER BY sort asc, id asc  [ RunTime:0.0156s ]
SQL: SELECT COUNT(*) AS tp_count FROM `we_feedback` WHERE `classid` = '2020003' AND `classname` = '2020年第2期危化品经营单位主要负责人初次培训班' AND `openid` = 'oSlbk5CUQbDlTy3CIUHp5nvlCjv8' LIMIT 1   [ RunTime:0.0000s ]

[ 2020-04-28T15:25:11+08:00 ] 61.140.244.117 /index.php?s=/w16/feedback/feedback/addfeedback&classid=2020003&classname=2020%E5%B9%B4%E7%AC%AC2%E6%9C%9F%E5%8D%B1%E5%8C%96%E5%93%81%E7%BB%8F%E8%90%A5%E5%8D%95%E4%BD%8D%E4%B8%BB%E8%A6%81%E8%B4%9F%E8%B4%A3%E4%BA%BA%E5%88%9D%E6%AC%A1%E5%9F%B9%E8%AE%AD%E7%8F%AD&regname=undefined&openid=oSlbk5CUQbDlTy3CIUHp5nvlCjv8&att=%E5%9F%BA%E6%9C%AC%E6%BB%A1%E6%84%8F&meth=%E9%9D%9E%E5%B8%B8%E6%BB%A1%E6%84%8F&effe=%E9%9D%9E%E5%B8%B8%E6%BB%A1%E6%84%8F&arra=%E9%9D%9E%E5%B8%B8%E6%BB%A1%E6%84%8F&dev=%E6%BB%A1%E6%84%8F&env=%E6%BB%A1%E6%84%8F&serv=%E6%BB%A1%E6%84%8F&advise=ere
SQL: SELECT * FROM `we_card_custom` WHERE `token` = 'gh_bdcc514a5666'  [ RunTime:0.0156s ]
SQL: SELECT * FROM `we_apps_link` WHERE `uid` = 0  [ RunTime:0.0000s ]
SQL: SHOW COLUMNS FROM `we_auth_group_access` [ RunTime:0.0000s ]
SQL: SELECT a.uid,a.group_id,g.title,g.rules FROM we_auth_group_access a INNER JOIN we_auth_group g on a.group_id=g.id  WHERE ( a.uid='' and g.status='1' )  [ RunTime:0.0000s ]
SQL: SELECT * FROM `we_menu` WHERE `place` = 0 AND `is_hide` = 0 ORDER BY sort asc, id asc  [ RunTime:0.0000s ]
SQL: SELECT COUNT(*) AS tp_count FROM `we_feedback` WHERE `classid` = '2020003' AND `classname` = '2020年第2期危化品经营单位主要负责人初次培训班' AND `openid` = 'oSlbk5CUQbDlTy3CIUHp5nvlCjv8' LIMIT 1   [ RunTime:0.0000s ]
SQL: INSERT INTO `we_feedback` (`classid`,`classname`,`openid`,`att`,`meth`,`effe`,`arra`,`dev`,`env`,`serv`,`advise`,`ctime`) VALUES ('2020003','2020年第2期危化品经营单位主要负责人初次培训班','oSlbk5CUQbDlTy3CIUHp5nvlCjv8','基本满意','非常满意','非常满意','非常满意','满意','满意','满意','ere','1588058711') [ RunTime:0.0156s ]

[ 2020-04-28T15:25:12+08:00 ] 61.140.244.117 /index.php?s=/w16/feedback/feedback/addfeedback&classid=2020003&classname=2020%E5%B9%B4%E7%AC%AC2%E6%9C%9F%E5%8D%B1%E5%8C%96%E5%93%81%E7%BB%8F%E8%90%A5%E5%8D%95%E4%BD%8D%E4%B8%BB%E8%A6%81%E8%B4%9F%E8%B4%A3%E4%BA%BA%E5%88%9D%E6%AC%A1%E5%9F%B9%E8%AE%AD%E7%8F%AD&regname=undefined&openid=oSlbk5CUQbDlTy3CIUHp5nvlCjv8&att=%E5%9F%BA%E6%9C%AC%E6%BB%A1%E6%84%8F&meth=%E9%9D%9E%E5%B8%B8%E6%BB%A1%E6%84%8F&effe=%E9%9D%9E%E5%B8%B8%E6%BB%A1%E6%84%8F&arra=%E9%9D%9E%E5%B8%B8%E6%BB%A1%E6%84%8F&dev=%E6%BB%A1%E6%84%8F&env=%E6%BB%A1%E6%84%8F&serv=%E6%BB%A1%E6%84%8F&advise=ere
SQL: SELECT * FROM `we_card_custom` WHERE `token` = 'gh_bdcc514a5666'  [ RunTime:0.0000s ]
SQL: SELECT * FROM `we_apps_link` WHERE `uid` = 0  [ RunTime:0.0000s ]
SQL: SHOW COLUMNS FROM `we_auth_group_access` [ RunTime:0.0000s ]
SQL: SELECT a.uid,a.group_id,g.title,g.rules FROM we_auth_group_access a INNER JOIN we_auth_group g on a.group_id=g.id  WHERE ( a.uid='' and g.status='1' )  [ RunTime:0.0000s ]
SQL: SELECT * FROM `we_menu` WHERE `place` = 0 AND `is_hide` = 0 ORDER BY sort asc, id asc  [ RunTime:0.0000s ]
SQL: SELECT COUNT(*) AS tp_count FROM `we_feedback` WHERE `classid` = '2020003' AND `classname` = '2020年第2期危化品经营单位主要负责人初次培训班' AND `openid` = 'oSlbk5CUQbDlTy3CIUHp5nvlCjv8' LIMIT 1   [ RunTime:0.0000s ]

[ 2020-04-28T15:26:22+08:00 ] 61.140.244.117 /index.php?s=/w16/feedback/feedback/addfeedback&classid=2020003&classname=2020%E5%B9%B4%E7%AC%AC2%E6%9C%9F%E5%8D%B1%E5%8C%96%E5%93%81%E7%BB%8F%E8%90%A5%E5%8D%95%E4%BD%8D%E4%B8%BB%E8%A6%81%E8%B4%9F%E8%B4%A3%E4%BA%BA%E5%88%9D%E6%AC%A1%E5%9F%B9%E8%AE%AD%E7%8F%AD&regname=undefined&openid=oSlbk5CUQbDlTy3CIUHp5nvlCjv8&att=%E9%9D%9E%E5%B8%B8%E6%BB%A1%E6%84%8F&meth=%E6%BB%A1%E6%84%8F&effe=%E6%BB%A1%E6%84%8F&arra=%E6%BB%A1%E6%84%8F&dev=%E6%BB%A1%E6%84%8F&env=%E6%BB%A1%E6%84%8F&serv=%E5%9F%BA%E6%9C%AC%E6%BB%A1%E6%84%8F&advise=sdf
SQL: SELECT * FROM `we_card_custom` WHERE `token` = 'gh_bdcc514a5666'  [ RunTime:0.0000s ]
SQL: SELECT * FROM `we_apps_link` WHERE `uid` = 0  [ RunTime:0.0000s ]
SQL: SHOW COLUMNS FROM `we_auth_group_access` [ RunTime:0.0000s ]
SQL: SELECT a.uid,a.group_id,g.title,g.rules FROM we_auth_group_access a INNER JOIN we_auth_group g on a.group_id=g.id  WHERE ( a.uid='' and g.status='1' )  [ RunTime:0.0000s ]
SQL: SELECT * FROM `we_menu` WHERE `place` = 0 AND `is_hide` = 0 ORDER BY sort asc, id asc  [ RunTime:0.0000s ]
SQL: SELECT COUNT(*) AS tp_count FROM `we_feedback` WHERE `classid` = '2020003' AND `classname` = '2020年第2期危化品经营单位主要负责人初次培训班' AND `openid` = 'oSlbk5CUQbDlTy3CIUHp5nvlCjv8' LIMIT 1   [ RunTime:0.0000s ]
SQL: INSERT INTO `we_feedback` (`classid`,`classname`,`openid`,`att`,`meth`,`effe`,`arra`,`dev`,`env`,`serv`,`advise`,`ctime`) VALUES ('2020003','2020年第2期危化品经营单位主要负责人初次培训班','oSlbk5CUQbDlTy3CIUHp5nvlCjv8','非常满意','满意','满意','满意','满意','满意','基本满意','sdf','1588058782') [ RunTime:0.0000s ]

[ 2020-04-28T15:37:44+08:00 ] 61.140.244.117 /index.php?s=/w16/feedback/feedback/addfeedback&classid=2020003&classname=2020%E5%B9%B4%E7%AC%AC2%E6%9C%9F%E5%8D%B1%E5%8C%96%E5%93%81%E7%BB%8F%E8%90%A5%E5%8D%95%E4%BD%8D%E4%B8%BB%E8%A6%81%E8%B4%9F%E8%B4%A3%E4%BA%BA%E5%88%9D%E6%AC%A1%E5%9F%B9%E8%AE%AD%E7%8F%AD&regname=undefined&openid=oSlbk5CUQbDlTy3CIUHp5nvlCjv8&att=%E6%BB%A1%E6%84%8F&meth=%E6%BB%A1%E6%84%8F&effe=%E6%BB%A1%E6%84%8F&arra=&dev=&env=&serv=%E6%BB%A1%E6%84%8F&advise=sdf
SQL: SELECT * FROM `we_card_custom` WHERE `token` = 'gh_bdcc514a5666'  [ RunTime:0.0000s ]
SQL: SELECT * FROM `we_apps_link` WHERE `uid` = 0  [ RunTime:0.0000s ]
SQL: SHOW COLUMNS FROM `we_auth_group_access` [ RunTime:0.0000s ]
SQL: SELECT a.uid,a.group_id,g.title,g.rules FROM we_auth_group_access a INNER JOIN we_auth_group g on a.group_id=g.id  WHERE ( a.uid='' and g.status='1' )  [ RunTime:0.0000s ]
SQL: SELECT * FROM `we_menu` WHERE `place` = 0 AND `is_hide` = 0 ORDER BY sort asc, id asc  [ RunTime:0.0000s ]
SQL: SELECT COUNT(*) AS tp_count FROM `we_feedback` WHERE `classid` = '2020003' AND `classname` = '2020年第2期危化品经营单位主要负责人初次培训班' AND `openid` = 'oSlbk5CUQbDlTy3CIUHp5nvlCjv8' LIMIT 1   [ RunTime:0.0000s ]

[ 2020-04-28T15:38:35+08:00 ] 61.140.244.117 /index.php?s=/w16/feedback/feedback/addfeedback&classid=2020003&classname=2020%E5%B9%B4%E7%AC%AC2%E6%9C%9F%E5%8D%B1%E5%8C%96%E5%93%81%E7%BB%8F%E8%90%A5%E5%8D%95%E4%BD%8D%E4%B8%BB%E8%A6%81%E8%B4%9F%E8%B4%A3%E4%BA%BA%E5%88%9D%E6%AC%A1%E5%9F%B9%E8%AE%AD%E7%8F%AD&regname=undefined&openid=oSlbk5CUQbDlTy3CIUHp5nvlCjv8&att=%E5%9F%BA%E6%9C%AC%E6%BB%A1%E6%84%8F&meth=%E6%BB%A1%E6%84%8F&effe=%E6%BB%A1%E6%84%8F&arra=%E6%BB%A1%E6%84%8F&dev=%E6%BB%A1%E6%84%8F&env=%E6%BB%A1%E6%84%8F&serv=%E6%BB%A1%E6%84%8F&advise=sfsfsdf
SQL: SELECT * FROM `we_card_custom` WHERE `token` = 'gh_bdcc514a5666'  [ RunTime:0.0000s ]
SQL: SELECT * FROM `we_apps_link` WHERE `uid` = 0  [ RunTime:0.0000s ]
SQL: SHOW COLUMNS FROM `we_auth_group_access` [ RunTime:0.0000s ]
SQL: SELECT a.uid,a.group_id,g.title,g.rules FROM we_auth_group_access a INNER JOIN we_auth_group g on a.group_id=g.id  WHERE ( a.uid='' and g.status='1' )  [ RunTime:0.0000s ]
SQL: SELECT * FROM `we_menu` WHERE `place` = 0 AND `is_hide` = 0 ORDER BY sort asc, id asc  [ RunTime:0.0000s ]
SQL: SELECT COUNT(*) AS tp_count FROM `we_feedback` WHERE `classid` = '2020003' AND `classname` = '2020年第2期危化品经营单位主要负责人初次培训班' AND `openid` = 'oSlbk5CUQbDlTy3CIUHp5nvlCjv8' LIMIT 1   [ RunTime:0.0000s ]
SQL: INSERT INTO `we_feedback` (`classid`,`classname`,`openid`,`att`,`meth`,`effe`,`arra`,`dev`,`env`,`serv`,`advise`,`ctime`) VALUES ('2020003','2020年第2期危化品经营单位主要负责人初次培训班','oSlbk5CUQbDlTy3CIUHp5nvlCjv8','基本满意','满意','满意','满意','满意','满意','满意','sfsfsdf','1588059515') [ RunTime:0.0000s ]

[ 2020-04-28T15:39:47+08:00 ] 61.140.244.117 /index.php?s=/w16/feedback/feedback/addfeedback&classid=2020003&classname=2020%E5%B9%B4%E7%AC%AC2%E6%9C%9F%E5%8D%B1%E5%8C%96%E5%93%81%E7%BB%8F%E8%90%A5%E5%8D%95%E4%BD%8D%E4%B8%BB%E8%A6%81%E8%B4%9F%E8%B4%A3%E4%BA%BA%E5%88%9D%E6%AC%A1%E5%9F%B9%E8%AE%AD%E7%8F%AD&regname=undefined&openid=oSlbk5CUQbDlTy3CIUHp5nvlCjv8&att=%E9%9D%9E%E5%B8%B8%E6%BB%A1%E6%84%8F&meth=%E9%9D%9E%E5%B8%B8%E6%BB%A1%E6%84%8F&effe=%E6%BB%A1%E6%84%8F&arra=%E6%BB%A1%E6%84%8F&dev=%E6%BB%A1%E6%84%8F&env=%E6%BB%A1%E6%84%8F&serv=%E6%BB%A1%E6%84%8F&advise=df
SQL: SELECT * FROM `we_card_custom` WHERE `token` = 'gh_bdcc514a5666'  [ RunTime:0.0000s ]
SQL: SELECT * FROM `we_apps_link` WHERE `uid` = 0  [ RunTime:0.0000s ]
SQL: SHOW COLUMNS FROM `we_auth_group_access` [ RunTime:0.0156s ]
SQL: SELECT a.uid,a.group_id,g.title,g.rules FROM we_auth_group_access a INNER JOIN we_auth_group g on a.group_id=g.id  WHERE ( a.uid='' and g.status='1' )  [ RunTime:0.0000s ]
SQL: SELECT * FROM `we_menu` WHERE `place` = 0 AND `is_hide` = 0 ORDER BY sort asc, id asc  [ RunTime:0.0000s ]
SQL: SELECT COUNT(*) AS tp_count FROM `we_feedback` WHERE `classid` = '2020003' AND `classname` = '2020年第2期危化品经营单位主要负责人初次培训班' AND `openid` = 'oSlbk5CUQbDlTy3CIUHp5nvlCjv8' LIMIT 1   [ RunTime:0.0000s ]
SQL: INSERT INTO `we_feedback` (`classid`,`classname`,`openid`,`att`,`meth`,`effe`,`arra`,`dev`,`env`,`serv`,`advise`,`ctime`) VALUES ('2020003','2020年第2期危化品经营单位主要负责人初次培训班','oSlbk5CUQbDlTy3CIUHp5nvlCjv8','非常满意','非常满意','满意','满意','满意','满意','满意','df','1588059587') [ RunTime:0.0000s ]
SQL: UPDATE `we_studyreg` SET `fed`='1' WHERE `classid` = '2020003' [ RunTime:0.0000s ]

