[ 2020-04-28T14:58:16+08:00 ] 61.140.244.117 /index.php?s=/w16/studyreg/studyreg/reglist_distinct&openid=oSlbk5CUQbDlTy3CIUHp5nvlCjv8
SQL: SHOW COLUMNS FROM `we_apps` [ RunTime:0.0156s ]
SQL: SELECT * FROM `we_apps` WHERE `id` = 16 LIMIT 1   [ RunTime:0.0000s ]
SQL: SELECT * FROM `we_addons` WHERE `status` = 1  [ RunTime:0.0000s ]
SQL: SHOW COLUMNS FROM `we_card_custom` [ RunTime:0.0156s ]
SQL: SELECT * FROM `we_card_custom` WHERE `token` = 'gh_bdcc514a5666'  [ RunTime:0.0000s ]
SQL: SHOW COLUMNS FROM `we_apps_link` [ RunTime:0.0000s ]
SQL: SELECT * FROM `we_apps_link` WHERE `uid` = 0  [ RunTime:0.0156s ]
SQL: SHOW COLUMNS FROM `we_apps_auth` [ RunTime:0.0000s ]
SQL: SELECT `name`,type_0 as val FROM `we_apps_auth`  [ RunTime:0.0000s ]
SQL: SHOW COLUMNS FROM `we_auth_group_access` [ RunTime:0.0156s ]
SQL: SELECT a.uid,a.group_id,g.title,g.rules FROM we_auth_group_access a INNER JOIN we_auth_group g on a.group_id=g.id  WHERE ( a.uid='' and g.status='1' )  [ RunTime:0.0000s ]
SQL: SHOW COLUMNS FROM `we_menu` [ RunTime:0.0156s ]
SQL: SHOW COLUMNS FROM `we_addons` [ RunTime:0.0156s ]
SQL: SELECT `id`,`token` FROM `we_apps`  [ RunTime:0.0000s ]
SQL: SELECT * FROM `we_menu` WHERE `place` = 0 AND `is_hide` = 0 ORDER BY sort asc, id asc  [ RunTime:0.0000s ]
SQL: SHOW COLUMNS FROM `we_v2` [ RunTime:0.0156s ]
SQL: SELECT `classid`,`classname`,`openid` FROM `we_v2` WHERE `openid` = 'oSlbk5CUQbDlTy3CIUHp5nvlCjv8' GROUP BY classid,classname,openid  [ RunTime:0.0156s ]

[ 2020-04-28T15:06:48+08:00 ] 61.140.244.117 /index.php?s=/w16/studyreg/studyreg/reglist_distinct&openid=oSlbk5CUQbDlTy3CIUHp5nvlCjv8
SQL: SELECT * FROM `we_card_custom` WHERE `token` = 'gh_bdcc514a5666'  [ RunTime:0.0000s ]
SQL: SELECT * FROM `we_apps_link` WHERE `uid` = 0  [ RunTime:0.0000s ]
SQL: SHOW COLUMNS FROM `we_auth_group_access` [ RunTime:0.0000s ]
SQL: SELECT a.uid,a.group_id,g.title,g.rules FROM we_auth_group_access a INNER JOIN we_auth_group g on a.group_id=g.id  WHERE ( a.uid='' and g.status='1' )  [ RunTime:0.0000s ]
SQL: SELECT * FROM `we_menu` WHERE `place` = 0 AND `is_hide` = 0 ORDER BY sort asc, id asc  [ RunTime:0.0000s ]
SQL: SELECT `classid`,`classname`,`openid` FROM `we_v2` WHERE `openid` = 'oSlbk5CUQbDlTy3CIUHp5nvlCjv8' GROUP BY classid,classname,openid  [ RunTime:0.0000s ]

[ 2020-04-28T15:07:44+08:00 ] 61.140.244.117 /index.php?s=/w16/studyreg/studyreg/reglist_distinct&openid=oSlbk5CUQbDlTy3CIUHp5nvlCjv8
SQL: SELECT * FROM `we_card_custom` WHERE `token` = 'gh_bdcc514a5666'  [ RunTime:0.0000s ]
SQL: SELECT * FROM `we_apps_link` WHERE `uid` = 0  [ RunTime:0.0000s ]
SQL: SHOW COLUMNS FROM `we_auth_group_access` [ RunTime:0.0156s ]
SQL: SELECT a.uid,a.group_id,g.title,g.rules FROM we_auth_group_access a INNER JOIN we_auth_group g on a.group_id=g.id  WHERE ( a.uid='' and g.status='1' )  [ RunTime:0.0000s ]
SQL: SELECT * FROM `we_menu` WHERE `place` = 0 AND `is_hide` = 0 ORDER BY sort asc, id asc  [ RunTime:0.0000s ]
SQL: SELECT `classid`,`classname`,`openid` FROM `we_v2` WHERE `openid` = 'oSlbk5CUQbDlTy3CIUHp5nvlCjv8' GROUP BY classid,classname,openid  [ RunTime:0.0000s ]

[ 2020-04-28T15:09:08+08:00 ] 61.140.244.117 /index.php?s=/w16/studyreg/studyreg/reglist_distinct&openid=oSlbk5CUQbDlTy3CIUHp5nvlCjv8
SQL: SELECT * FROM `we_card_custom` WHERE `token` = 'gh_bdcc514a5666'  [ RunTime:0.0000s ]
SQL: SELECT * FROM `we_apps_link` WHERE `uid` = 0  [ RunTime:0.0000s ]
SQL: SHOW COLUMNS FROM `we_auth_group_access` [ RunTime:0.0000s ]
SQL: SELECT a.uid,a.group_id,g.title,g.rules FROM we_auth_group_access a INNER JOIN we_auth_group g on a.group_id=g.id  WHERE ( a.uid='' and g.status='1' )  [ RunTime:0.0000s ]
SQL: SELECT * FROM `we_menu` WHERE `place` = 0 AND `is_hide` = 0 ORDER BY sort asc, id asc  [ RunTime:0.0000s ]
SQL: SELECT `classid`,`classname`,`openid` FROM `we_v2` WHERE `openid` = 'oSlbk5CUQbDlTy3CIUHp5nvlCjv8' GROUP BY classid,classname,openid  [ RunTime:0.0000s ]

[ 2020-04-28T15:13:28+08:00 ] 61.140.244.117 /index.php?s=/w16/studyreg/studyreg/reglist_distinct&openid=oSlbk5CUQbDlTy3CIUHp5nvlCjv8
SQL: SELECT * FROM `we_card_custom` WHERE `token` = 'gh_bdcc514a5666'  [ RunTime:0.0000s ]
SQL: SELECT * FROM `we_apps_link` WHERE `uid` = 0  [ RunTime:0.0000s ]
SQL: SHOW COLUMNS FROM `we_auth_group_access` [ RunTime:0.0156s ]
SQL: SELECT a.uid,a.group_id,g.title,g.rules FROM we_auth_group_access a INNER JOIN we_auth_group g on a.group_id=g.id  WHERE ( a.uid='' and g.status='1' )  [ RunTime:0.0000s ]
SQL: SELECT * FROM `we_menu` WHERE `place` = 0 AND `is_hide` = 0 ORDER BY sort asc, id asc  [ RunTime:0.0000s ]
SQL: SELECT `classid`,`classname`,`openid` FROM `we_v2` WHERE `openid` = 'oSlbk5CUQbDlTy3CIUHp5nvlCjv8' GROUP BY classid,classname,openid  [ RunTime:0.0000s ]

[ 2020-04-28T15:15:22+08:00 ] 61.140.244.117 /index.php?s=/w16/studyreg/studyreg/reglist_distinct&openid=oSlbk5CUQbDlTy3CIUHp5nvlCjv8
SQL: SELECT * FROM `we_card_custom` WHERE `token` = 'gh_bdcc514a5666'  [ RunTime:0.0000s ]
SQL: SELECT * FROM `we_apps_link` WHERE `uid` = 0  [ RunTime:0.0000s ]
SQL: SHOW COLUMNS FROM `we_auth_group_access` [ RunTime:0.0000s ]
SQL: SELECT a.uid,a.group_id,g.title,g.rules FROM we_auth_group_access a INNER JOIN we_auth_group g on a.group_id=g.id  WHERE ( a.uid='' and g.status='1' )  [ RunTime:0.0000s ]
SQL: SELECT * FROM `we_menu` WHERE `place` = 0 AND `is_hide` = 0 ORDER BY sort asc, id asc  [ RunTime:0.0156s ]
SQL: SELECT `classid`,`classname`,`openid` FROM `we_v2` WHERE `openid` = 'oSlbk5CUQbDlTy3CIUHp5nvlCjv8' GROUP BY classid,classname,openid  [ RunTime:0.0000s ]

[ 2020-04-28T15:21:46+08:00 ] 61.140.244.117 /index.php?s=/w16/studyreg/studyreg/reglist_distinct&openid=oSlbk5CUQbDlTy3CIUHp5nvlCjv8
SQL: SELECT * FROM `we_card_custom` WHERE `token` = 'gh_bdcc514a5666'  [ RunTime:0.0000s ]
SQL: SELECT * FROM `we_apps_link` WHERE `uid` = 0  [ RunTime:0.0000s ]
SQL: SHOW COLUMNS FROM `we_auth_group_access` [ RunTime:0.0156s ]
SQL: SELECT a.uid,a.group_id,g.title,g.rules FROM we_auth_group_access a INNER JOIN we_auth_group g on a.group_id=g.id  WHERE ( a.uid='' and g.status='1' )  [ RunTime:0.0000s ]
SQL: SELECT * FROM `we_menu` WHERE `place` = 0 AND `is_hide` = 0 ORDER BY sort asc, id asc  [ RunTime:0.0000s ]
SQL: SELECT `classid`,`classname`,`openid` FROM `we_v2` WHERE `openid` = 'oSlbk5CUQbDlTy3CIUHp5nvlCjv8' GROUP BY classid,classname,openid  [ RunTime:0.0000s ]

[ 2020-04-28T15:24:19+08:00 ] 61.140.244.117 /index.php?s=/w16/studyreg/studyreg/reglist_distinct&openid=oSlbk5CUQbDlTy3CIUHp5nvlCjv8
SQL: SELECT * FROM `we_card_custom` WHERE `token` = 'gh_bdcc514a5666'  [ RunTime:0.0000s ]
SQL: SELECT * FROM `we_apps_link` WHERE `uid` = 0  [ RunTime:0.0000s ]
SQL: SHOW COLUMNS FROM `we_auth_group_access` [ RunTime:0.0000s ]
SQL: SELECT a.uid,a.group_id,g.title,g.rules FROM we_auth_group_access a INNER JOIN we_auth_group g on a.group_id=g.id  WHERE ( a.uid='' and g.status='1' )  [ RunTime:0.0000s ]
SQL: SELECT * FROM `we_menu` WHERE `place` = 0 AND `is_hide` = 0 ORDER BY sort asc, id asc  [ RunTime:0.0000s ]
SQL: SELECT `classid`,`classname`,`openid` FROM `we_v2` WHERE `openid` = 'oSlbk5CUQbDlTy3CIUHp5nvlCjv8' GROUP BY classid,classname,openid  [ RunTime:0.0000s ]

[ 2020-04-28T15:24:41+08:00 ] 61.140.244.117 /index.php?s=/w16/studyreg/studyreg/reglist_distinct&openid=oSlbk5CUQbDlTy3CIUHp5nvlCjv8
SQL: SELECT * FROM `we_card_custom` WHERE `token` = 'gh_bdcc514a5666'  [ RunTime:0.0000s ]
SQL: SELECT * FROM `we_apps_link` WHERE `uid` = 0  [ RunTime:0.0000s ]
SQL: SHOW COLUMNS FROM `we_auth_group_access` [ RunTime:0.0000s ]
SQL: SELECT a.uid,a.group_id,g.title,g.rules FROM we_auth_group_access a INNER JOIN we_auth_group g on a.group_id=g.id  WHERE ( a.uid='' and g.status='1' )  [ RunTime:0.0000s ]
SQL: SELECT * FROM `we_menu` WHERE `place` = 0 AND `is_hide` = 0 ORDER BY sort asc, id asc  [ RunTime:0.0000s ]
SQL: SELECT `classid`,`classname`,`openid` FROM `we_v2` WHERE `openid` = 'oSlbk5CUQbDlTy3CIUHp5nvlCjv8' GROUP BY classid,classname,openid  [ RunTime:0.0000s ]

[ 2020-04-28T15:26:04+08:00 ] 61.140.244.117 /index.php?s=/w16/studyreg/studyreg/reglist_distinct&openid=oSlbk5CUQbDlTy3CIUHp5nvlCjv8
SQL: SELECT * FROM `we_card_custom` WHERE `token` = 'gh_bdcc514a5666'  [ RunTime:0.0000s ]
SQL: SELECT * FROM `we_apps_link` WHERE `uid` = 0  [ RunTime:0.0000s ]
SQL: SHOW COLUMNS FROM `we_auth_group_access` [ RunTime:0.0000s ]
SQL: SELECT a.uid,a.group_id,g.title,g.rules FROM we_auth_group_access a INNER JOIN we_auth_group g on a.group_id=g.id  WHERE ( a.uid='' and g.status='1' )  [ RunTime:0.0000s ]
SQL: SELECT * FROM `we_menu` WHERE `place` = 0 AND `is_hide` = 0 ORDER BY sort asc, id asc  [ RunTime:0.0000s ]
SQL: SELECT `classid`,`classname`,`openid` FROM `we_v2` WHERE `openid` = 'oSlbk5CUQbDlTy3CIUHp5nvlCjv8' GROUP BY classid,classname,openid  [ RunTime:0.0000s ]

[ 2020-04-28T15:35:20+08:00 ] 61.140.244.117 /index.php?s=/w16/studyreg/studyreg/reglist_distinct&openid=oSlbk5CUQbDlTy3CIUHp5nvlCjv8
SQL: SELECT * FROM `we_card_custom` WHERE `token` = 'gh_bdcc514a5666'  [ RunTime:0.0000s ]
SQL: SELECT * FROM `we_apps_link` WHERE `uid` = 0  [ RunTime:0.0000s ]
SQL: SHOW COLUMNS FROM `we_auth_group_access` [ RunTime:0.0156s ]
SQL: SELECT a.uid,a.group_id,g.title,g.rules FROM we_auth_group_access a INNER JOIN we_auth_group g on a.group_id=g.id  WHERE ( a.uid='' and g.status='1' )  [ RunTime:0.0000s ]
SQL: SELECT * FROM `we_menu` WHERE `place` = 0 AND `is_hide` = 0 ORDER BY sort asc, id asc  [ RunTime:0.0000s ]
SQL: SELECT `classid`,`classname`,`openid` FROM `we_v2` WHERE `openid` = 'oSlbk5CUQbDlTy3CIUHp5nvlCjv8' GROUP BY classid,classname,openid  [ RunTime:0.0000s ]

[ 2020-04-28T15:36:19+08:00 ] 61.140.244.117 /index.php?s=/w16/studyreg/studyreg/reglist_distinct&openid=oSlbk5CUQbDlTy3CIUHp5nvlCjv8
SQL: SELECT * FROM `we_card_custom` WHERE `token` = 'gh_bdcc514a5666'  [ RunTime:0.0000s ]
SQL: SELECT * FROM `we_apps_link` WHERE `uid` = 0  [ RunTime:0.0000s ]
SQL: SHOW COLUMNS FROM `we_auth_group_access` [ RunTime:0.0156s ]
SQL: SELECT a.uid,a.group_id,g.title,g.rules FROM we_auth_group_access a INNER JOIN we_auth_group g on a.group_id=g.id  WHERE ( a.uid='' and g.status='1' )  [ RunTime:0.0000s ]
SQL: SELECT * FROM `we_menu` WHERE `place` = 0 AND `is_hide` = 0 ORDER BY sort asc, id asc  [ RunTime:0.0000s ]
SQL: SELECT `classid`,`classname`,`openid` FROM `we_v2` WHERE `openid` = 'oSlbk5CUQbDlTy3CIUHp5nvlCjv8' GROUP BY classid,classname,openid  [ RunTime:0.0000s ]

[ 2020-04-28T15:36:49+08:00 ] 61.140.244.117 /index.php?s=/w16/studyreg/studyreg/reglist_distinct&openid=oSlbk5CUQbDlTy3CIUHp5nvlCjv8
SQL: SELECT * FROM `we_card_custom` WHERE `token` = 'gh_bdcc514a5666'  [ RunTime:0.0000s ]
SQL: SELECT * FROM `we_apps_link` WHERE `uid` = 0  [ RunTime:0.0000s ]
SQL: SHOW COLUMNS FROM `we_auth_group_access` [ RunTime:0.0000s ]
SQL: SELECT a.uid,a.group_id,g.title,g.rules FROM we_auth_group_access a INNER JOIN we_auth_group g on a.group_id=g.id  WHERE ( a.uid='' and g.status='1' )  [ RunTime:0.0000s ]
SQL: SELECT * FROM `we_menu` WHERE `place` = 0 AND `is_hide` = 0 ORDER BY sort asc, id asc  [ RunTime:0.0000s ]
SQL: SELECT `classid`,`classname`,`openid` FROM `we_v2` WHERE `openid` = 'oSlbk5CUQbDlTy3CIUHp5nvlCjv8' GROUP BY classid,classname,openid  [ RunTime:0.0000s ]

[ 2020-04-28T15:37:30+08:00 ] 61.140.244.117 /index.php?s=/w16/studyreg/studyreg/reglist_distinct&openid=oSlbk5CUQbDlTy3CIUHp5nvlCjv8
SQL: SELECT * FROM `we_card_custom` WHERE `token` = 'gh_bdcc514a5666'  [ RunTime:0.0156s ]
SQL: SELECT * FROM `we_apps_link` WHERE `uid` = 0  [ RunTime:0.0000s ]
SQL: SHOW COLUMNS FROM `we_auth_group_access` [ RunTime:0.0156s ]
SQL: SELECT a.uid,a.group_id,g.title,g.rules FROM we_auth_group_access a INNER JOIN we_auth_group g on a.group_id=g.id  WHERE ( a.uid='' and g.status='1' )  [ RunTime:0.0000s ]
SQL: SELECT * FROM `we_menu` WHERE `place` = 0 AND `is_hide` = 0 ORDER BY sort asc, id asc  [ RunTime:0.0000s ]
SQL: SELECT `classid`,`classname`,`openid` FROM `we_v2` WHERE `openid` = 'oSlbk5CUQbDlTy3CIUHp5nvlCjv8' GROUP BY classid,classname,openid  [ RunTime:0.0000s ]

[ 2020-04-28T15:38:23+08:00 ] 61.140.244.117 /index.php?s=/w16/studyreg/studyreg/reglist_distinct&openid=oSlbk5CUQbDlTy3CIUHp5nvlCjv8
SQL: SELECT * FROM `we_card_custom` WHERE `token` = 'gh_bdcc514a5666'  [ RunTime:0.0000s ]
SQL: SELECT * FROM `we_apps_link` WHERE `uid` = 0  [ RunTime:0.0000s ]
SQL: SHOW COLUMNS FROM `we_auth_group_access` [ RunTime:0.0156s ]
SQL: SELECT a.uid,a.group_id,g.title,g.rules FROM we_auth_group_access a INNER JOIN we_auth_group g on a.group_id=g.id  WHERE ( a.uid='' and g.status='1' )  [ RunTime:0.0000s ]
SQL: SELECT * FROM `we_menu` WHERE `place` = 0 AND `is_hide` = 0 ORDER BY sort asc, id asc  [ RunTime:0.0000s ]
SQL: SELECT `classid`,`classname`,`openid` FROM `we_v2` WHERE `openid` = 'oSlbk5CUQbDlTy3CIUHp5nvlCjv8' GROUP BY classid,classname,openid  [ RunTime:0.0000s ]

[ 2020-04-28T15:39:21+08:00 ] 61.140.244.117 /index.php?s=/w16/studyreg/studyreg/reglist_distinct&openid=oSlbk5CUQbDlTy3CIUHp5nvlCjv8
SQL: SELECT * FROM `we_card_custom` WHERE `token` = 'gh_bdcc514a5666'  [ RunTime:0.0000s ]
SQL: SELECT * FROM `we_apps_link` WHERE `uid` = 0  [ RunTime:0.0000s ]
SQL: SHOW COLUMNS FROM `we_auth_group_access` [ RunTime:0.0156s ]
SQL: SELECT a.uid,a.group_id,g.title,g.rules FROM we_auth_group_access a INNER JOIN we_auth_group g on a.group_id=g.id  WHERE ( a.uid='' and g.status='1' )  [ RunTime:0.0000s ]
SQL: SELECT * FROM `we_menu` WHERE `place` = 0 AND `is_hide` = 0 ORDER BY sort asc, id asc  [ RunTime:0.0000s ]
SQL: SELECT `classid`,`classname`,`openid` FROM `we_v2` WHERE `openid` = 'oSlbk5CUQbDlTy3CIUHp5nvlCjv8' GROUP BY classid,classname,openid  [ RunTime:0.0000s ]

[ 2020-04-28T15:40:00+08:00 ] 61.140.244.117 /index.php?s=/w16/studyreg/studyreg/reglist_distinct&openid=oSlbk5CUQbDlTy3CIUHp5nvlCjv8
SQL: SELECT * FROM `we_card_custom` WHERE `token` = 'gh_bdcc514a5666'  [ RunTime:0.0000s ]
SQL: SELECT * FROM `we_apps_link` WHERE `uid` = 0  [ RunTime:0.0000s ]
SQL: SHOW COLUMNS FROM `we_auth_group_access` [ RunTime:0.0000s ]
SQL: SELECT a.uid,a.group_id,g.title,g.rules FROM we_auth_group_access a INNER JOIN we_auth_group g on a.group_id=g.id  WHERE ( a.uid='' and g.status='1' )  [ RunTime:0.0000s ]
SQL: SELECT * FROM `we_menu` WHERE `place` = 0 AND `is_hide` = 0 ORDER BY sort asc, id asc  [ RunTime:0.0000s ]
SQL: SELECT `classid`,`classname`,`openid` FROM `we_v2` WHERE `openid` = 'oSlbk5CUQbDlTy3CIUHp5nvlCjv8' GROUP BY classid,classname,openid  [ RunTime:0.0000s ]

[ 2020-04-28T15:43:10+08:00 ] 61.140.244.117 /index.php?s=/w16/studyreg/studyreg/reglist_distinct&openid=oSlbk5CUQbDlTy3CIUHp5nvlCjv8
SQL: SELECT * FROM `we_card_custom` WHERE `token` = 'gh_bdcc514a5666'  [ RunTime:0.0000s ]
SQL: SELECT * FROM `we_apps_link` WHERE `uid` = 0  [ RunTime:0.0000s ]
SQL: SHOW COLUMNS FROM `we_auth_group_access` [ RunTime:0.0000s ]
SQL: SELECT a.uid,a.group_id,g.title,g.rules FROM we_auth_group_access a INNER JOIN we_auth_group g on a.group_id=g.id  WHERE ( a.uid='' and g.status='1' )  [ RunTime:0.0000s ]
SQL: SELECT * FROM `we_menu` WHERE `place` = 0 AND `is_hide` = 0 ORDER BY sort asc, id asc  [ RunTime:0.0000s ]
SQL: SELECT `classid`,`classname`,`openid` FROM `we_v2` WHERE `openid` = 'oSlbk5CUQbDlTy3CIUHp5nvlCjv8' GROUP BY classid,classname,openid  [ RunTime:0.0000s ]

[ 2020-04-28T15:43:38+08:00 ] 61.140.244.117 /index.php?s=/w16/studyreg/studyreg/reglist_distinct&openid=oSlbk5CUQbDlTy3CIUHp5nvlCjv8
SQL: SELECT * FROM `we_card_custom` WHERE `token` = 'gh_bdcc514a5666'  [ RunTime:0.0000s ]
SQL: SELECT * FROM `we_apps_link` WHERE `uid` = 0  [ RunTime:0.0000s ]
SQL: SHOW COLUMNS FROM `we_auth_group_access` [ RunTime:0.0000s ]
SQL: SELECT a.uid,a.group_id,g.title,g.rules FROM we_auth_group_access a INNER JOIN we_auth_group g on a.group_id=g.id  WHERE ( a.uid='' and g.status='1' )  [ RunTime:0.0000s ]
SQL: SELECT * FROM `we_menu` WHERE `place` = 0 AND `is_hide` = 0 ORDER BY sort asc, id asc  [ RunTime:0.0000s ]
SQL: SELECT `classid`,`classname`,`openid` FROM `we_v2` WHERE `openid` = 'oSlbk5CUQbDlTy3CIUHp5nvlCjv8' GROUP BY classid,classname,openid  [ RunTime:0.0000s ]

[ 2020-04-28T15:43:45+08:00 ] 61.140.244.117 /index.php?s=/w16/studyreg/studyreg/reglist_distinct&openid=oSlbk5CUQbDlTy3CIUHp5nvlCjv8
SQL: SELECT * FROM `we_card_custom` WHERE `token` = 'gh_bdcc514a5666'  [ RunTime:0.0000s ]
SQL: SELECT * FROM `we_apps_link` WHERE `uid` = 0  [ RunTime:0.0000s ]
SQL: SHOW COLUMNS FROM `we_auth_group_access` [ RunTime:0.0000s ]
SQL: SELECT a.uid,a.group_id,g.title,g.rules FROM we_auth_group_access a INNER JOIN we_auth_group g on a.group_id=g.id  WHERE ( a.uid='' and g.status='1' )  [ RunTime:0.0000s ]
SQL: SELECT * FROM `we_menu` WHERE `place` = 0 AND `is_hide` = 0 ORDER BY sort asc, id asc  [ RunTime:0.0000s ]
SQL: SELECT `classid`,`classname`,`openid` FROM `we_v2` WHERE `openid` = 'oSlbk5CUQbDlTy3CIUHp5nvlCjv8' GROUP BY classid,classname,openid  [ RunTime:0.0000s ]

[ 2020-04-28T15:43:49+08:00 ] 61.140.244.117 /index.php?s=/w16/studyreg/studyreg/reglist_distinct&openid=oSlbk5CUQbDlTy3CIUHp5nvlCjv8
SQL: SELECT * FROM `we_card_custom` WHERE `token` = 'gh_bdcc514a5666'  [ RunTime:0.0000s ]
SQL: SELECT * FROM `we_apps_link` WHERE `uid` = 0  [ RunTime:0.0000s ]
SQL: SHOW COLUMNS FROM `we_auth_group_access` [ RunTime:0.0000s ]
SQL: SELECT a.uid,a.group_id,g.title,g.rules FROM we_auth_group_access a INNER JOIN we_auth_group g on a.group_id=g.id  WHERE ( a.uid='' and g.status='1' )  [ RunTime:0.0000s ]
SQL: SELECT * FROM `we_menu` WHERE `place` = 0 AND `is_hide` = 0 ORDER BY sort asc, id asc  [ RunTime:0.0000s ]
SQL: SELECT `classid`,`classname`,`openid` FROM `we_v2` WHERE `openid` = 'oSlbk5CUQbDlTy3CIUHp5nvlCjv8' GROUP BY classid,classname,openid  [ RunTime:0.0000s ]

[ 2020-04-28T15:47:26+08:00 ] 61.140.244.117 /index.php?s=/w16/studyreg/studyreg/reglist_distinct&openid=oSlbk5CUQbDlTy3CIUHp5nvlCjv8
SQL: SELECT * FROM `we_card_custom` WHERE `token` = 'gh_bdcc514a5666'  [ RunTime:0.0000s ]
SQL: SELECT * FROM `we_apps_link` WHERE `uid` = 0  [ RunTime:0.0000s ]
SQL: SHOW COLUMNS FROM `we_auth_group_access` [ RunTime:0.0156s ]
SQL: SELECT a.uid,a.group_id,g.title,g.rules FROM we_auth_group_access a INNER JOIN we_auth_group g on a.group_id=g.id  WHERE ( a.uid='' and g.status='1' )  [ RunTime:0.0000s ]
SQL: SELECT * FROM `we_menu` WHERE `place` = 0 AND `is_hide` = 0 ORDER BY sort asc, id asc  [ RunTime:0.0000s ]
SQL: SELECT `classid`,`classname`,`openid` FROM `we_v2` WHERE `openid` = 'oSlbk5CUQbDlTy3CIUHp5nvlCjv8' GROUP BY classid,classname,openid  [ RunTime:0.0000s ]

[ 2020-04-28T15:48:09+08:00 ] 61.140.244.117 /index.php?s=/w16/studyreg/studyreg/reglist_distinct&openid=oSlbk5CUQbDlTy3CIUHp5nvlCjv8
SQL: SELECT * FROM `we_card_custom` WHERE `token` = 'gh_bdcc514a5666'  [ RunTime:0.0000s ]
SQL: SELECT * FROM `we_apps_link` WHERE `uid` = 0  [ RunTime:0.0000s ]
SQL: SHOW COLUMNS FROM `we_auth_group_access` [ RunTime:0.0156s ]
SQL: SELECT a.uid,a.group_id,g.title,g.rules FROM we_auth_group_access a INNER JOIN we_auth_group g on a.group_id=g.id  WHERE ( a.uid='' and g.status='1' )  [ RunTime:0.0000s ]
SQL: SELECT * FROM `we_menu` WHERE `place` = 0 AND `is_hide` = 0 ORDER BY sort asc, id asc  [ RunTime:0.0000s ]
SQL: SELECT `classid`,`classname`,`openid` FROM `we_v2` WHERE `openid` = 'oSlbk5CUQbDlTy3CIUHp5nvlCjv8' GROUP BY classid,classname,openid  [ RunTime:0.0000s ]

[ 2020-04-28T15:48:22+08:00 ] 61.140.244.117 /index.php?s=/w16/studyreg/studyreg/reglist_distinct&openid=oSlbk5CUQbDlTy3CIUHp5nvlCjv8
SQL: SELECT * FROM `we_card_custom` WHERE `token` = 'gh_bdcc514a5666'  [ RunTime:0.0000s ]
SQL: SELECT * FROM `we_apps_link` WHERE `uid` = 0  [ RunTime:0.0000s ]
SQL: SHOW COLUMNS FROM `we_auth_group_access` [ RunTime:0.0156s ]
SQL: SELECT a.uid,a.group_id,g.title,g.rules FROM we_auth_group_access a INNER JOIN we_auth_group g on a.group_id=g.id  WHERE ( a.uid='' and g.status='1' )  [ RunTime:0.0000s ]
SQL: SELECT * FROM `we_menu` WHERE `place` = 0 AND `is_hide` = 0 ORDER BY sort asc, id asc  [ RunTime:0.0000s ]
SQL: SELECT `classid`,`classname`,`openid` FROM `we_v2` WHERE `openid` = 'oSlbk5CUQbDlTy3CIUHp5nvlCjv8' GROUP BY classid,classname,openid  [ RunTime:0.0000s ]

[ 2020-04-28T15:54:11+08:00 ] 61.140.244.117 /index.php?s=/w16/studyreg/studyreg/reglist_distinct&openid=oSlbk5CUQbDlTy3CIUHp5nvlCjv8
SQL: SELECT * FROM `we_card_custom` WHERE `token` = 'gh_bdcc514a5666'  [ RunTime:0.0000s ]
SQL: SELECT * FROM `we_apps_link` WHERE `uid` = 0  [ RunTime:0.0000s ]
SQL: SHOW COLUMNS FROM `we_auth_group_access` [ RunTime:0.0000s ]
SQL: SELECT a.uid,a.group_id,g.title,g.rules FROM we_auth_group_access a INNER JOIN we_auth_group g on a.group_id=g.id  WHERE ( a.uid='' and g.status='1' )  [ RunTime:0.0000s ]
SQL: SELECT * FROM `we_menu` WHERE `place` = 0 AND `is_hide` = 0 ORDER BY sort asc, id asc  [ RunTime:0.0000s ]
SQL: SELECT `classid`,`classname`,`openid` FROM `we_v2` WHERE `openid` = 'oSlbk5CUQbDlTy3CIUHp5nvlCjv8' GROUP BY classid,classname,openid  [ RunTime:0.0000s ]

[ 2020-04-28T15:54:41+08:00 ] 61.140.244.117 /index.php?s=/w16/studyreg/studyreg/reglist_distinct&openid=oSlbk5CUQbDlTy3CIUHp5nvlCjv8
SQL: SELECT * FROM `we_card_custom` WHERE `token` = 'gh_bdcc514a5666'  [ RunTime:0.0000s ]
SQL: SELECT * FROM `we_apps_link` WHERE `uid` = 0  [ RunTime:0.0000s ]
SQL: SHOW COLUMNS FROM `we_auth_group_access` [ RunTime:0.0156s ]
SQL: SELECT a.uid,a.group_id,g.title,g.rules FROM we_auth_group_access a INNER JOIN we_auth_group g on a.group_id=g.id  WHERE ( a.uid='' and g.status='1' )  [ RunTime:0.0000s ]
SQL: SELECT * FROM `we_menu` WHERE `place` = 0 AND `is_hide` = 0 ORDER BY sort asc, id asc  [ RunTime:0.0000s ]
SQL: SELECT `classid`,`classname`,`openid` FROM `we_v2` WHERE `openid` = '' GROUP BY classid,classname,openid  [ RunTime:0.0000s ]

[ 2020-04-28T15:54:57+08:00 ] 61.140.244.117 /index.php?s=/w16/studyreg/studyreg/reglist_distinct&openid=undefined
SQL: SELECT * FROM `we_card_custom` WHERE `token` = 'gh_bdcc514a5666'  [ RunTime:0.0000s ]
SQL: SELECT * FROM `we_apps_link` WHERE `uid` = 0  [ RunTime:0.0000s ]
SQL: SHOW COLUMNS FROM `we_auth_group_access` [ RunTime:0.0156s ]
SQL: SELECT a.uid,a.group_id,g.title,g.rules FROM we_auth_group_access a INNER JOIN we_auth_group g on a.group_id=g.id  WHERE ( a.uid='' and g.status='1' )  [ RunTime:0.0000s ]
SQL: SELECT * FROM `we_menu` WHERE `place` = 0 AND `is_hide` = 0 ORDER BY sort asc, id asc  [ RunTime:0.0000s ]
SQL: SELECT `classid`,`classname`,`openid` FROM `we_v2` WHERE `openid` = '' GROUP BY classid,classname,openid  [ RunTime:0.0000s ]

[ 2020-04-28T15:55:02+08:00 ] 61.140.244.117 /index.php?s=/w16/studyreg/studyreg/userlogin&code=081Xowwm0VyEVp1qqHwm0gPnwm0Xoww6
SQL: SELECT * FROM `we_card_custom` WHERE `token` = 'gh_bdcc514a5666'  [ RunTime:0.0000s ]
SQL: SELECT * FROM `we_apps_link` WHERE `uid` = 0  [ RunTime:0.0000s ]
SQL: SHOW COLUMNS FROM `we_auth_group_access` [ RunTime:0.0156s ]
SQL: SELECT a.uid,a.group_id,g.title,g.rules FROM we_auth_group_access a INNER JOIN we_auth_group g on a.group_id=g.id  WHERE ( a.uid='' and g.status='1' )  [ RunTime:0.0000s ]
SQL: SELECT * FROM `we_menu` WHERE `place` = 0 AND `is_hide` = 0 ORDER BY sort asc, id asc  [ RunTime:0.0000s ]

[ 2020-04-28T15:55:03+08:00 ] 61.140.244.117 /index.php?s=/w16/studyreg/studyreg/reglist_distinct&openid=oSlbk5CUQbDlTy3CIUHp5nvlCjv8
SQL: SELECT * FROM `we_card_custom` WHERE `token` = 'gh_bdcc514a5666'  [ RunTime:0.0000s ]
SQL: SELECT * FROM `we_apps_link` WHERE `uid` = 0  [ RunTime:0.0000s ]
SQL: SHOW COLUMNS FROM `we_auth_group_access` [ RunTime:0.0156s ]
SQL: SELECT a.uid,a.group_id,g.title,g.rules FROM we_auth_group_access a INNER JOIN we_auth_group g on a.group_id=g.id  WHERE ( a.uid='' and g.status='1' )  [ RunTime:0.0000s ]
SQL: SELECT * FROM `we_menu` WHERE `place` = 0 AND `is_hide` = 0 ORDER BY sort asc, id asc  [ RunTime:0.0156s ]
SQL: SELECT `classid`,`classname`,`openid` FROM `we_v2` WHERE `openid` = '' GROUP BY classid,classname,openid  [ RunTime:0.0000s ]

[ 2020-04-28T15:55:10+08:00 ] 61.140.244.117 /index.php?s=/w16/studyreg/studyreg/reglist_distinct&openid=oSlbk5CUQbDlTy3CIUHp5nvlCjv8
SQL: SELECT * FROM `we_card_custom` WHERE `token` = 'gh_bdcc514a5666'  [ RunTime:0.0000s ]
SQL: SELECT * FROM `we_apps_link` WHERE `uid` = 0  [ RunTime:0.0000s ]
SQL: SHOW COLUMNS FROM `we_auth_group_access` [ RunTime:0.0156s ]
SQL: SELECT a.uid,a.group_id,g.title,g.rules FROM we_auth_group_access a INNER JOIN we_auth_group g on a.group_id=g.id  WHERE ( a.uid='' and g.status='1' )  [ RunTime:0.0000s ]
SQL: SELECT * FROM `we_menu` WHERE `place` = 0 AND `is_hide` = 0 ORDER BY sort asc, id asc  [ RunTime:0.0000s ]
SQL: SELECT `classid`,`classname`,`openid` FROM `we_v2` WHERE `openid` = '' GROUP BY classid,classname,openid  [ RunTime:0.0000s ]

[ 2020-04-28T15:56:13+08:00 ] 61.140.244.117 /index.php?s=/w16/studyreg/studyreg/reglist_distinct&openid=oSlbk5CUQbDlTy3CIUHp5nvlCjv8
SQL: SELECT * FROM `we_card_custom` WHERE `token` = 'gh_bdcc514a5666'  [ RunTime:0.0000s ]
SQL: SELECT * FROM `we_apps_link` WHERE `uid` = 0  [ RunTime:0.0000s ]
SQL: SHOW COLUMNS FROM `we_auth_group_access` [ RunTime:0.0000s ]
SQL: SELECT a.uid,a.group_id,g.title,g.rules FROM we_auth_group_access a INNER JOIN we_auth_group g on a.group_id=g.id  WHERE ( a.uid='' and g.status='1' )  [ RunTime:0.0000s ]
SQL: SELECT * FROM `we_menu` WHERE `place` = 0 AND `is_hide` = 0 ORDER BY sort asc, id asc  [ RunTime:0.0000s ]
SQL: SELECT `classid`,`classname`,`openid` FROM `we_v2` GROUP BY classid,classname,openid  [ RunTime:0.0000s ]

[ 2020-04-28T15:57:07+08:00 ] 61.140.244.117 /index.php?s=/w16/studyreg/studyreg/reglist_distinct&openid=oSlbk5CUQbDlTy3CIUHp5nvlCjv8
SQL: SELECT * FROM `we_card_custom` WHERE `token` = 'gh_bdcc514a5666'  [ RunTime:0.0000s ]
SQL: SELECT * FROM `we_apps_link` WHERE `uid` = 0  [ RunTime:0.0000s ]
SQL: SHOW COLUMNS FROM `we_auth_group_access` [ RunTime:0.0000s ]
SQL: SELECT a.uid,a.group_id,g.title,g.rules FROM we_auth_group_access a INNER JOIN we_auth_group g on a.group_id=g.id  WHERE ( a.uid='' and g.status='1' )  [ RunTime:0.0000s ]
SQL: SELECT * FROM `we_menu` WHERE `place` = 0 AND `is_hide` = 0 ORDER BY sort asc, id asc  [ RunTime:0.0000s ]
SQL: SELECT `classid`,`classname`,`openid` FROM `we_v2` WHERE `openid` = '1' GROUP BY classid,classname,openid  [ RunTime:0.0000s ]

[ 2020-04-28T15:57:59+08:00 ] 61.140.244.117 /index.php?s=/w16/studyreg/studyreg/reglist_distinct&openid=oSlbk5CUQbDlTy3CIUHp5nvlCjv8
SQL: SELECT * FROM `we_card_custom` WHERE `token` = 'gh_bdcc514a5666'  [ RunTime:0.0000s ]
SQL: SELECT * FROM `we_apps_link` WHERE `uid` = 0  [ RunTime:0.0000s ]
SQL: SHOW COLUMNS FROM `we_auth_group_access` [ RunTime:0.0000s ]
SQL: SELECT a.uid,a.group_id,g.title,g.rules FROM we_auth_group_access a INNER JOIN we_auth_group g on a.group_id=g.id  WHERE ( a.uid='' and g.status='1' )  [ RunTime:0.0000s ]
SQL: SELECT * FROM `we_menu` WHERE `place` = 0 AND `is_hide` = 0 ORDER BY sort asc, id asc  [ RunTime:0.0000s ]
SQL: SELECT `classid`,`classname`,`openid` FROM `we_v2` WHERE `openid` = 'oSlbk5CUQbDlTy3CIUHp5nvlCjv8' GROUP BY classid,classname,openid  [ RunTime:0.0000s ]

[ 2020-04-28T15:58:21+08:00 ] 61.140.244.117 /index.php?s=/w16/studyreg/studyreg/reglist_distinct&openid=oSlbk5CUQbDlTy3CIUHp5nvlCjv8
SQL: SELECT * FROM `we_card_custom` WHERE `token` = 'gh_bdcc514a5666'  [ RunTime:0.0000s ]
SQL: SELECT * FROM `we_apps_link` WHERE `uid` = 0  [ RunTime:0.0000s ]
SQL: SHOW COLUMNS FROM `we_auth_group_access` [ RunTime:0.0000s ]
SQL: SELECT a.uid,a.group_id,g.title,g.rules FROM we_auth_group_access a INNER JOIN we_auth_group g on a.group_id=g.id  WHERE ( a.uid='' and g.status='1' )  [ RunTime:0.0000s ]
SQL: SELECT * FROM `we_menu` WHERE `place` = 0 AND `is_hide` = 0 ORDER BY sort asc, id asc  [ RunTime:0.0000s ]
SQL: SELECT `classid`,`classname`,`openid` FROM `we_v2` WHERE `openid` = 'oSlbk5CUQbDlTy3CIUHp5nvlCjv8' GROUP BY classid,classname,openid  [ RunTime:0.0000s ]

[ 2020-04-28T15:58:49+08:00 ] 61.140.244.117 /index.php?s=/w16/studyreg/studyreg/reglist_distinct&openid=oSlbk5CUQbDlTy3CIUHp5nvlCjv8
SQL: SELECT * FROM `we_card_custom` WHERE `token` = 'gh_bdcc514a5666'  [ RunTime:0.0000s ]
SQL: SELECT * FROM `we_apps_link` WHERE `uid` = 0  [ RunTime:0.0000s ]
SQL: SHOW COLUMNS FROM `we_auth_group_access` [ RunTime:0.0000s ]
SQL: SELECT a.uid,a.group_id,g.title,g.rules FROM we_auth_group_access a INNER JOIN we_auth_group g on a.group_id=g.id  WHERE ( a.uid='' and g.status='1' )  [ RunTime:0.0000s ]
SQL: SELECT * FROM `we_menu` WHERE `place` = 0 AND `is_hide` = 0 ORDER BY sort asc, id asc  [ RunTime:0.0000s ]
SQL: SELECT `classid`,`classname`,`openid` FROM `we_v2` WHERE `openid` = 'dd' GROUP BY classid,classname,openid  [ RunTime:0.0000s ]

[ 2020-04-28T16:00:18+08:00 ] 61.140.244.117 /index.php?s=/w16/studyreg/studyreg/reglist_distinct&openid=oSlbk5CUQbDlTy3CIUHp5nvlCjv8
SQL: SELECT * FROM `we_card_custom` WHERE `token` = 'gh_bdcc514a5666'  [ RunTime:0.0000s ]
SQL: SELECT * FROM `we_apps_link` WHERE `uid` = 0  [ RunTime:0.0000s ]
SQL: SHOW COLUMNS FROM `we_auth_group_access` [ RunTime:0.0156s ]
SQL: SELECT a.uid,a.group_id,g.title,g.rules FROM we_auth_group_access a INNER JOIN we_auth_group g on a.group_id=g.id  WHERE ( a.uid='' and g.status='1' )  [ RunTime:0.0000s ]
SQL: SELECT * FROM `we_menu` WHERE `place` = 0 AND `is_hide` = 0 ORDER BY sort asc, id asc  [ RunTime:0.0000s ]
SQL: SELECT `classid`,`classname`,`openid` FROM `we_studyreg` WHERE `openid` = 'oSlbk5CUQbDlTy3CIUHp5nvlCjv8' AND `fed` = '4' GROUP BY classid,classname,openid  [ RunTime:0.0000s ]

[ 2020-04-28T16:00:45+08:00 ] 61.140.244.117 /index.php?s=/w16/studyreg/studyreg/reglist_distinct&openid=oSlbk5CUQbDlTy3CIUHp5nvlCjv8
SQL: SELECT * FROM `we_card_custom` WHERE `token` = 'gh_bdcc514a5666'  [ RunTime:0.0000s ]
SQL: SELECT * FROM `we_apps_link` WHERE `uid` = 0  [ RunTime:0.0000s ]
SQL: SHOW COLUMNS FROM `we_auth_group_access` [ RunTime:0.0000s ]
SQL: SELECT a.uid,a.group_id,g.title,g.rules FROM we_auth_group_access a INNER JOIN we_auth_group g on a.group_id=g.id  WHERE ( a.uid='' and g.status='1' )  [ RunTime:0.0000s ]
SQL: SELECT * FROM `we_menu` WHERE `place` = 0 AND `is_hide` = 0 ORDER BY sort asc, id asc  [ RunTime:0.0000s ]
SQL: SELECT `classid`,`classname`,`openid` FROM `we_studyreg` WHERE `openid` = 'oSlbk5CUQbDlTy3CIUHp5nvlCjv8' AND `fed` = 0 GROUP BY classid,classname,openid  [ RunTime:0.0000s ]

[ 2020-04-28T16:01:40+08:00 ] 61.140.244.117 /index.php?s=/w16/studyreg/studyreg/myreglist&openid=oSlbk5CUQbDlTy3CIUHp5nvlCjv8
SQL: SELECT * FROM `we_card_custom` WHERE `token` = 'gh_bdcc514a5666'  [ RunTime:0.0156s ]
SQL: SELECT * FROM `we_apps_link` WHERE `uid` = 0  [ RunTime:0.0000s ]
SQL: SHOW COLUMNS FROM `we_auth_group_access` [ RunTime:0.0000s ]
SQL: SELECT a.uid,a.group_id,g.title,g.rules FROM we_auth_group_access a INNER JOIN we_auth_group g on a.group_id=g.id  WHERE ( a.uid='' and g.status='1' )  [ RunTime:0.0000s ]
SQL: SELECT * FROM `we_menu` WHERE `place` = 0 AND `is_hide` = 0 ORDER BY sort asc, id asc  [ RunTime:0.0000s ]
SQL: SELECT * FROM `we_v2` WHERE `openid` = 'oSlbk5CUQbDlTy3CIUHp5nvlCjv8'  [ RunTime:0.0000s ]

[ 2020-04-28T16:17:01+08:00 ] 61.140.244.117 /index.php?s=/w16/studyreg/studyreg/reglist_distinct&openid=oSlbk5CUQbDlTy3CIUHp5nvlCjv8
SQL: SELECT * FROM `we_card_custom` WHERE `token` = 'gh_bdcc514a5666'  [ RunTime:0.0000s ]
SQL: SELECT * FROM `we_apps_link` WHERE `uid` = 0  [ RunTime:0.0000s ]
SQL: SHOW COLUMNS FROM `we_auth_group_access` [ RunTime:0.0000s ]
SQL: SELECT a.uid,a.group_id,g.title,g.rules FROM we_auth_group_access a INNER JOIN we_auth_group g on a.group_id=g.id  WHERE ( a.uid='' and g.status='1' )  [ RunTime:0.0000s ]
SQL: SELECT * FROM `we_menu` WHERE `place` = 0 AND `is_hide` = 0 ORDER BY sort asc, id asc  [ RunTime:0.0000s ]
SQL: SELECT `classid`,`classname`,`openid` FROM `we_studyreg` WHERE `openid` = 'oSlbk5CUQbDlTy3CIUHp5nvlCjv8' AND `fed` = 0 GROUP BY classid,classname,openid  [ RunTime:0.0000s ]

