[ 2020-04-28T16:02:01+08:00 ] 61.140.244.117 /index.php?s=/w16/proname/proname/getprolist&examtype=0
SQL: SELECT * FROM `we_card_custom` WHERE `token` = 'gh_bdcc514a5666'  [ RunTime:0.0000s ]
SQL: SELECT * FROM `we_apps_link` WHERE `uid` = 0  [ RunTime:0.0000s ]
SQL: SHOW COLUMNS FROM `we_auth_group_access` [ RunTime:0.0156s ]
SQL: SELECT a.uid,a.group_id,g.title,g.rules FROM we_auth_group_access a INNER JOIN we_auth_group g on a.group_id=g.id  WHERE ( a.uid='' and g.status='1' )  [ RunTime:0.0000s ]
SQL: SELECT * FROM `we_menu` WHERE `place` = 0 AND `is_hide` = 0 ORDER BY sort asc, id asc  [ RunTime:0.0000s ]
SQL: SHOW COLUMNS FROM `we_proname` [ RunTime:0.0000s ]
SQL: SELECT * FROM `we_proname` WHERE `examtype` = '0'  [ RunTime:0.0156s ]
SQL: SHOW COLUMNS FROM `we_picture` [ RunTime:0.0000s ]
SQL: SELECT * FROM `we_picture` WHERE `status` = 1 AND `id` = 832 LIMIT 1   [ RunTime:0.0156s ]
SQL: SELECT * FROM `we_picture` WHERE `status` = 1 AND `id` = 833 LIMIT 1   [ RunTime:0.0000s ]
SQL: SELECT * FROM `we_picture` WHERE `status` = 1 AND `id` = 840 LIMIT 1   [ RunTime:0.0000s ]
SQL: SELECT * FROM `we_picture` WHERE `status` = 1 AND `id` = 867 LIMIT 1   [ RunTime:0.0000s ]

[ 2020-04-28T16:17:10+08:00 ] 61.140.244.117 /index.php?s=/w16/proname/proname/getprolist&examtype=0
SQL: SELECT * FROM `we_card_custom` WHERE `token` = 'gh_bdcc514a5666'  [ RunTime:0.0000s ]
SQL: SELECT * FROM `we_apps_link` WHERE `uid` = 0  [ RunTime:0.0000s ]
SQL: SHOW COLUMNS FROM `we_auth_group_access` [ RunTime:0.0000s ]
SQL: SELECT a.uid,a.group_id,g.title,g.rules FROM we_auth_group_access a INNER JOIN we_auth_group g on a.group_id=g.id  WHERE ( a.uid='' and g.status='1' )  [ RunTime:0.0000s ]
SQL: SELECT * FROM `we_menu` WHERE `place` = 0 AND `is_hide` = 0 ORDER BY sort asc, id asc  [ RunTime:0.0000s ]
SQL: SELECT * FROM `we_proname` WHERE `examtype` = '0'  [ RunTime:0.0000s ]

